# JRE version: OpenJDK Runtime Environment (10.0.2+13) (build 10.0.2+13-Ubuntu-1ubuntu0.18.04.4)
# Java VM: OpenJDK 64-Bit Server VM (10.0.2+13-Ubuntu-1ubuntu0.18.04.4, mixed mode, tiered, compressed oops, g1 gc, linux-amd64)
Heap:
 garbage-first heap   total 63488K, used 8518K [0x00000000c3a00000, 0x0000000100000000)
  region size 1024K, 5 young (5120K), 3 survivors (3072K)
 Metaspace       used 29265K, capacity 29942K, committed 30464K, reserved 1077248K
  class space    used 2927K, capacity 3265K, committed 3328K, reserved 1048576K
GC Heap History (8 events):
Event: 1.419 GC heap before
{Heap before GC invocations=0 (full 0):
 garbage-first heap   total 63488K, used 14336K [0x00000000c3a00000, 0x0000000100000000)
  region size 1024K, 14 young (14336K), 0 survivors (0K)
 Metaspace       used 14864K, capacity 15406K, committed 15744K, reserved 1062912K
  class space    used 1590K, capacity 1860K, committed 1920K, reserved 1048576K
}
Event: 1.433 GC heap after
{Heap after GC invocations=1 (full 0):
 garbage-first heap   total 63488K, used 2977K [0x00000000c3a00000, 0x0000000100000000)
  region size 1024K, 2 young (2048K), 2 survivors (2048K)
 Metaspace       used 14864K, capacity 15406K, committed 15744K, reserved 1062912K
  class space    used 1590K, capacity 1860K, committed 1920K, reserved 1048576K
}
Event: 1.779 GC heap before
{Heap before GC invocations=1 (full 0):
 garbage-first heap   total 63488K, used 13217K [0x00000000c3a00000, 0x0000000100000000)
  region size 1024K, 12 young (12288K), 2 survivors (2048K)
 Metaspace       used 18892K, capacity 19494K, committed 19712K, reserved 1067008K
  class space    used 1998K, capacity 2281K, committed 2304K, reserved 1048576K
}
Event: 1.787 GC heap after
{Heap after GC invocations=2 (full 0):
 garbage-first heap   total 63488K, used 4812K [0x00000000c3a00000, 0x0000000100000000)
  region size 1024K, 2 young (2048K), 2 survivors (2048K)
 Metaspace       used 18892K, capacity 19494K, committed 19712K, reserved 1067008K
  class space    used 1998K, capacity 2281K, committed 2304K, reserved 1048576K
}
Event: 1.929 GC heap before
{Heap before GC invocations=2 (full 0):
 garbage-first heap   total 63488K, used 6860K [0x00000000c3a00000, 0x0000000100000000)
  region size 1024K, 5 young (5120K), 2 survivors (2048K)
 Metaspace       used 20481K, capacity 21085K, committed 21248K, reserved 1069056K
  class space    used 2174K, capacity 2492K, committed 2560K, reserved 1048576K
}
Event: 1.946 GC heap after
{Heap after GC invocations=3 (full 0):
 garbage-first heap   total 63488K, used 5547K [0x00000000c3a00000, 0x0000000100000000)
  region size 1024K, 3 young (3072K), 3 survivors (3072K)
 Metaspace       used 20481K, capacity 21085K, committed 21248K, reserved 1069056K
  class space    used 2174K, capacity 2492K, committed 2560K, reserved 1048576K
}
Event: 97.629 GC heap before
{Heap before GC invocations=4 (full 0):
 garbage-first heap   total 63488K, used 28075K [0x00000000c3a00000, 0x0000000100000000)
  region size 1024K, 25 young (25600K), 3 survivors (3072K)
 Metaspace       used 29260K, capacity 29942K, committed 30464K, reserved 1077248K
  class space    used 2927K, capacity 3265K, committed 3328K, reserved 1048576K
}
Event: 97.639 GC heap after
{Heap after GC invocations=5 (full 0):
 garbage-first heap   total 63488K, used 7494K [0x00000000c3a00000, 0x0000000100000000)
  region size 1024K, 3 young (3072K), 3 survivors (3072K)
 Metaspace       used 29260K, capacity 29942K, committed 30464K, reserved 1077248K
  class space    used 2927K, capacity 3265K, committed 3328K, reserved 1048576K
}

