# JRE version: OpenJDK Runtime Environment (10.0.2+13) (build 10.0.2+13-Ubuntu-1ubuntu0.18.04.4)
# Java VM: OpenJDK 64-Bit Server VM (10.0.2+13-Ubuntu-1ubuntu0.18.04.4, mixed mode, tiered, compressed oops, g1 gc, linux-amd64)
Heap:
 garbage-first heap   total 63488K, used 8603K [0x00000000c3a00000, 0x0000000100000000)
  region size 1024K, 5 young (5120K), 3 survivors (3072K)
 Metaspace       used 29233K, capacity 29910K, committed 30464K, reserved 1077248K
  class space    used 2909K, capacity 3233K, committed 3328K, reserved 1048576K
GC Heap History (6 events):
Event: 1.291 GC heap before
{Heap before GC invocations=0 (full 0):
 garbage-first heap   total 63488K, used 14336K [0x00000000c3a00000, 0x0000000100000000)
  region size 1024K, 14 young (14336K), 0 survivors (0K)
 Metaspace       used 14398K, capacity 14889K, committed 15232K, reserved 1062912K
  class space    used 1540K, capacity 1796K, committed 1920K, reserved 1048576K
}
Event: 1.303 GC heap after
{Heap after GC invocations=1 (full 0):
 garbage-first heap   total 63488K, used 2837K [0x00000000c3a00000, 0x0000000100000000)
  region size 1024K, 2 young (2048K), 2 survivors (2048K)
 Metaspace       used 14398K, capacity 14889K, committed 15232K, reserved 1062912K
  class space    used 1540K, capacity 1796K, committed 1920K, reserved 1048576K
}
Event: 1.972 GC heap before
{Heap before GC invocations=1 (full 0):
 garbage-first heap   total 63488K, used 16149K [0x00000000c3a00000, 0x0000000100000000)
  region size 1024K, 16 young (16384K), 2 survivors (2048K)
 Metaspace       used 20488K, capacity 21087K, committed 21296K, reserved 1069056K
  class space    used 2168K, capacity 2493K, committed 2560K, reserved 1048576K
}
Event: 1.988 GC heap after
{Heap after GC invocations=2 (full 0):
 garbage-first heap   total 63488K, used 5352K [0x00000000c3a00000, 0x0000000100000000)
  region size 1024K, 4 young (4096K), 4 survivors (4096K)
 Metaspace       used 20488K, capacity 21087K, committed 21296K, reserved 1069056K
  class space    used 2168K, capacity 2493K, committed 2560K, reserved 1048576K
}
Event: 81.014 GC heap before
{Heap before GC invocations=3 (full 0):
 garbage-first heap   total 63488K, used 28904K [0x00000000c3a00000, 0x0000000100000000)
  region size 1024K, 27 young (27648K), 4 survivors (4096K)
 Metaspace       used 29228K, capacity 29910K, committed 30464K, reserved 1077248K
  class space    used 2909K, capacity 3233K, committed 3328K, reserved 1048576K
}
Event: 81.033 GC heap after
{Heap after GC invocations=4 (full 0):
 garbage-first heap   total 63488K, used 7579K [0x00000000c3a00000, 0x0000000100000000)
  region size 1024K, 3 young (3072K), 3 survivors (3072K)
 Metaspace       used 29228K, capacity 29910K, committed 30464K, reserved 1077248K
  class space    used 2909K, capacity 3233K, committed 3328K, reserved 1048576K
}

