# JRE version: OpenJDK Runtime Environment (10.0.2+13) (build 10.0.2+13-Ubuntu-1ubuntu0.18.04.4)
# Java VM: OpenJDK 64-Bit Server VM (10.0.2+13-Ubuntu-1ubuntu0.18.04.4, mixed mode, tiered, compressed oops, g1 gc, linux-amd64)
Heap:
 garbage-first heap   total 63488K, used 8320K [0x00000000c3a00000, 0x0000000100000000)
  region size 1024K, 5 young (5120K), 3 survivors (3072K)
 Metaspace       used 29117K, capacity 29846K, committed 30208K, reserved 1077248K
  class space    used 2908K, capacity 3233K, committed 3328K, reserved 1048576K
GC Heap History (8 events):
Event: 1.099 GC heap before
{Heap before GC invocations=0 (full 0):
 garbage-first heap   total 63488K, used 14336K [0x00000000c3a00000, 0x0000000100000000)
  region size 1024K, 14 young (14336K), 0 survivors (0K)
 Metaspace       used 14375K, capacity 14889K, committed 15232K, reserved 1062912K
  class space    used 1541K, capacity 1796K, committed 1920K, reserved 1048576K
}
Event: 1.107 GC heap after
{Heap after GC invocations=1 (full 0):
 garbage-first heap   total 63488K, used 2833K [0x00000000c3a00000, 0x0000000100000000)
  region size 1024K, 2 young (2048K), 2 survivors (2048K)
 Metaspace       used 14375K, capacity 14889K, committed 15232K, reserved 1062912K
  class space    used 1541K, capacity 1796K, committed 1920K, reserved 1048576K
}
Event: 1.575 GC heap before
{Heap before GC invocations=1 (full 0):
 garbage-first heap   total 63488K, used 13073K [0x00000000c3a00000, 0x0000000100000000)
  region size 1024K, 12 young (12288K), 2 survivors (2048K)
 Metaspace       used 18398K, capacity 19015K, committed 19200K, reserved 1067008K
  class space    used 1955K, capacity 2249K, committed 2304K, reserved 1048576K
}
Event: 1.586 GC heap after
{Heap after GC invocations=2 (full 0):
 garbage-first heap   total 63488K, used 4654K [0x00000000c3a00000, 0x0000000100000000)
  region size 1024K, 2 young (2048K), 2 survivors (2048K)
 Metaspace       used 18398K, capacity 19015K, committed 19200K, reserved 1067008K
  class space    used 1955K, capacity 2249K, committed 2304K, reserved 1048576K
}
Event: 1.771 GC heap before
{Heap before GC invocations=2 (full 0):
 garbage-first heap   total 63488K, used 6702K [0x00000000c3a00000, 0x0000000100000000)
  region size 1024K, 5 young (5120K), 2 survivors (2048K)
 Metaspace       used 20489K, capacity 21094K, committed 21296K, reserved 1069056K
  class space    used 2175K, capacity 2495K, committed 2560K, reserved 1048576K
}
Event: 1.778 GC heap after
{Heap after GC invocations=3 (full 0):
 garbage-first heap   total 63488K, used 5399K [0x00000000c3a00000, 0x0000000100000000)
  region size 1024K, 3 young (3072K), 3 survivors (3072K)
 Metaspace       used 20489K, capacity 21094K, committed 21296K, reserved 1069056K
  class space    used 2175K, capacity 2495K, committed 2560K, reserved 1048576K
}
Event: 124.367 GC heap before
{Heap before GC invocations=4 (full 0):
 garbage-first heap   total 63488K, used 26903K [0x00000000c3a00000, 0x0000000100000000)
  region size 1024K, 24 young (24576K), 3 survivors (3072K)
 Metaspace       used 29112K, capacity 29782K, committed 30208K, reserved 1077248K
  class space    used 2908K, capacity 3233K, committed 3328K, reserved 1048576K
}
Event: 124.377 GC heap after
{Heap after GC invocations=5 (full 0):
 garbage-first heap   total 63488K, used 7296K [0x00000000c3a00000, 0x0000000100000000)
  region size 1024K, 3 young (3072K), 3 survivors (3072K)
 Metaspace       used 29112K, capacity 29782K, committed 30208K, reserved 1077248K
  class space    used 2908K, capacity 3233K, committed 3328K, reserved 1048576K
}

