# JRE version: OpenJDK Runtime Environment (10.0.2+13) (build 10.0.2+13-Ubuntu-1ubuntu0.18.04.4)
# Java VM: OpenJDK 64-Bit Server VM (10.0.2+13-Ubuntu-1ubuntu0.18.04.4, mixed mode, tiered, compressed oops, g1 gc, linux-amd64)
Heap:
 garbage-first heap   total 63488K, used 8324K [0x00000000c3a00000, 0x0000000100000000)
  region size 1024K, 4 young (4096K), 2 survivors (2048K)
 Metaspace       used 28671K, capacity 29371K, committed 29952K, reserved 1075200K
  class space    used 2918K, capacity 3264K, committed 3328K, reserved 1048576K
GC Heap History (6 events):
Event: 0.986 GC heap before
{Heap before GC invocations=0 (full 0):
 garbage-first heap   total 63488K, used 14336K [0x00000000c3a00000, 0x0000000100000000)
  region size 1024K, 14 young (14336K), 0 survivors (0K)
 Metaspace       used 14390K, capacity 14901K, committed 15232K, reserved 1062912K
  class space    used 1543K, capacity 1796K, committed 1920K, reserved 1048576K
}
Event: 0.994 GC heap after
{Heap after GC invocations=1 (full 0):
 garbage-first heap   total 63488K, used 2941K [0x00000000c3a00000, 0x0000000100000000)
  region size 1024K, 2 young (2048K), 2 survivors (2048K)
 Metaspace       used 14390K, capacity 14901K, committed 15232K, reserved 1062912K
  class space    used 1543K, capacity 1796K, committed 1920K, reserved 1048576K
}
Event: 1.500 GC heap before
{Heap before GC invocations=1 (full 0):
 garbage-first heap   total 63488K, used 15229K [0x00000000c3a00000, 0x0000000100000000)
  region size 1024K, 15 young (15360K), 2 survivors (2048K)
 Metaspace       used 20278K, capacity 20873K, committed 21248K, reserved 1069056K
  class space    used 2158K, capacity 2460K, committed 2560K, reserved 1048576K
}
Event: 1.509 GC heap after
{Heap after GC invocations=2 (full 0):
 garbage-first heap   total 63488K, used 5290K [0x00000000c3a00000, 0x0000000100000000)
  region size 1024K, 4 young (4096K), 4 survivors (4096K)
 Metaspace       used 20278K, capacity 20873K, committed 21248K, reserved 1069056K
  class space    used 2158K, capacity 2460K, committed 2560K, reserved 1048576K
}
Event: 64.902 GC heap before
{Heap before GC invocations=3 (full 0):
 garbage-first heap   total 63488K, used 31914K [0x00000000c3a00000, 0x0000000100000000)
  region size 1024K, 30 young (30720K), 4 survivors (4096K)
 Metaspace       used 28668K, capacity 29371K, committed 29952K, reserved 1075200K
  class space    used 2918K, capacity 3264K, committed 3328K, reserved 1048576K
}
Event: 64.914 GC heap after
{Heap after GC invocations=4 (full 0):
 garbage-first heap   total 63488K, used 7300K [0x00000000c3a00000, 0x0000000100000000)
  region size 1024K, 2 young (2048K), 2 survivors (2048K)
 Metaspace       used 28668K, capacity 29371K, committed 29952K, reserved 1075200K
  class space    used 2918K, capacity 3264K, committed 3328K, reserved 1048576K
}

